<?xml version="1.0" encoding="UTF-8"?>
<testsuite name="HomeOffice"
           tests="2"
           failures="0"
           errors="0"
           skipped="0"
           time="3.368">
  <properties />
  
  
            <testcase name="anAustralianCominToUKForTourism" time="2.058" classname="testsuite.com.tutorialninja.VisaConfirmationTest" />
                <testcase name="aChileanComingToTheUKForWorkAndPlansOnStayingForLongerThanSixMonths" time="1.310" classname="testsuite.com.tutorialninja.VisaConfirmationTest" />
    <testcase name="aColumbianNationalComingToTheUKToJoinAPartnerForALongStayTheyDoHaveAnArticle10Or20Card" time="2.058" classname="testsuite.com.tutorialninja.VisaConfirmationTest" />
      
</testsuite>
